Performing C SOURCE FILE Test CMAKE_HAVE_LIBC_PTHREAD failed with the following output:
Change Dir: /home/pocho/Git/Segundo_Curso-/arq_ros/ros1/catkin_ws/src/bump-and-go-with-fsm-tayros/build/CMakeFiles/CMakeTmp

Run Build Command(s):/usr/bin/make cmTC_7d38a/fast && /usr/bin/make -f CMakeFiles/cmTC_7d38a.dir/build.make CMakeFiles/cmTC_7d38a.dir/build
make[1]: Entering directory '/home/pocho/Git/Segundo_Curso-/arq_ros/ros1/catkin_ws/src/bump-and-go-with-fsm-tayros/build/CMakeFiles/CMakeTmp'
Building C object CMakeFiles/cmTC_7d38a.dir/src.c.o
/bin/x86_64-linux-gnu-gcc-9   -DCMAKE_HAVE_LIBC_PTHREAD   -o CMakeFiles/cmTC_7d38a.dir/src.c.o   -c /home/pocho/Git/Segundo_Curso-/arq_ros/ros1/catkin_ws/src/bump-and-go-with-fsm-tayros/build/CMakeFiles/CMakeTmp/src.c
Linking C executable cmTC_7d38a
/usr/bin/cmake -E cmake_link_script CMakeFiles/cmTC_7d38a.dir/link.txt --verbose=1
/bin/x86_64-linux-gnu-gcc-9  -DCMAKE_HAVE_LIBC_PTHREAD    -rdynamic CMakeFiles/cmTC_7d38a.dir/src.c.o  -o cmTC_7d38a 
/usr/bin/ld: CMakeFiles/cmTC_7d38a.dir/src.c.o: in function `main':
src.c:(.text+0x46): undefined reference to `pthread_create'
/usr/bin/ld: src.c:(.text+0x52): undefined reference to `pthread_detach'
/usr/bin/ld: src.c:(.text+0x63): undefined reference to `pthread_join'
collect2: error: ld returned 1 exit status
make[1]: *** [CMakeFiles/cmTC_7d38a.dir/build.make:87: cmTC_7d38a] Error 1
make[1]: Leaving directory '/home/pocho/Git/Segundo_Curso-/arq_ros/ros1/catkin_ws/src/bump-and-go-with-fsm-tayros/build/CMakeFiles/CMakeTmp'
make: *** [Makefile:121: cmTC_7d38a/fast] Error 2


Source file was:
#include <pthread.h>

void* test_func(void* data)
{
  return data;
}

int main(void)
{
  pthread_t thread;
  pthread_create(&thread, NULL, test_func, NULL);
  pthread_detach(thread);
  pthread_join(thread, NULL);
  pthread_atfork(NULL, NULL, NULL);
  pthread_exit(NULL);

  return 0;
}

Determining if the function pthread_create exists in the pthreads failed with the following output:
Change Dir: /home/pocho/Git/Segundo_Curso-/arq_ros/ros1/catkin_ws/src/bump-and-go-with-fsm-tayros/build/CMakeFiles/CMakeTmp

Run Build Command(s):/usr/bin/make cmTC_3d2fc/fast && /usr/bin/make -f CMakeFiles/cmTC_3d2fc.dir/build.make CMakeFiles/cmTC_3d2fc.dir/build
make[1]: Entering directory '/home/pocho/Git/Segundo_Curso-/arq_ros/ros1/catkin_ws/src/bump-and-go-with-fsm-tayros/build/CMakeFiles/CMakeTmp'
Building C object CMakeFiles/cmTC_3d2fc.dir/CheckFunctionExists.c.o
/bin/x86_64-linux-gnu-gcc-9   -DCHECK_FUNCTION_EXISTS=pthread_create   -o CMakeFiles/cmTC_3d2fc.dir/CheckFunctionExists.c.o   -c /usr/share/cmake-3.16/Modules/CheckFunctionExists.c
Linking C executable cmTC_3d2fc
/usr/bin/cmake -E cmake_link_script CMakeFiles/cmTC_3d2fc.dir/link.txt --verbose=1
/bin/x86_64-linux-gnu-gcc-9  -DCHECK_FUNCTION_EXISTS=pthread_create    -rdynamic CMakeFiles/cmTC_3d2fc.dir/CheckFunctionExists.c.o  -o cmTC_3d2fc  -lpthreads 
/usr/bin/ld: cannot find -lpthreads
collect2: error: ld returned 1 exit status
make[1]: *** [CMakeFiles/cmTC_3d2fc.dir/build.make:87: cmTC_3d2fc] Error 1
make[1]: Leaving directory '/home/pocho/Git/Segundo_Curso-/arq_ros/ros1/catkin_ws/src/bump-and-go-with-fsm-tayros/build/CMakeFiles/CMakeTmp'
make: *** [Makefile:121: cmTC_3d2fc/fast] Error 2



